

Started GET "/" for ::1 at 2015-08-20 17:08:42 +0800
Processing by Rails::WelcomeController#index as HTML
  Rendered /Library/Ruby/Gems/2.0.0/gems/railties-4.2.3/lib/rails/templates/rails/welcome/index.html.erb (3.1ms)
Completed 200 OK in 35ms (Views: 11.1ms | ActiveRecord: 0.0ms)


Started GET "/" for ::1 at 2015-08-20 17:19:51 +0800
Processing by Rails::WelcomeController#index as HTML
  Rendered /Library/Ruby/Gems/2.0.0/gems/railties-4.2.3/lib/rails/templates/rails/welcome/index.html.erb (1.8ms)
Completed 200 OK in 29ms (Views: 8.4ms | ActiveRecord: 0.0ms)
  [1m[36m (1.1ms)[0m  [1mCREATE TABLE "schema_migrations" ("version" varchar NOT NULL) [0m
  [1m[35m (0.1ms)[0m  select sqlite_version(*)
  [1m[36m (0.8ms)[0m  [1mCREATE UNIQUE INDEX "unique_schema_migrations" ON "schema_migrations" ("version")[0m
  [1m[35mActiveRecord::SchemaMigration Load (0.1ms)[0m  SELECT "schema_migrations".* FROM "schema_migrations"
Migrating to CreateProducts (20150820092743)
  [1m[36m (0.1ms)[0m  [1mbegin transaction[0m
  [1m[35m (0.5ms)[0m  CREATE TABLE "products" ("id" INTEGER PRIMARY KEY AUTOINCREMENT NOT NULL, "title" varchar, "description" text, "image_url" varchar, "price" decimal(8,2), "created_at" datetime NOT NULL, "updated_at" datetime NOT NULL) 
  [1m[36mSQL (0.2ms)[0m  [1mINSERT INTO "schema_migrations" ("version") VALUES (?)[0m  [["version", "20150820092743"]]
  [1m[35m (0.7ms)[0m  commit transaction
  [1m[36mActiveRecord::SchemaMigration Load (0.1ms)[0m  [1mSELECT "schema_migrations".* FROM "schema_migrations"[0m


Started GET "/products" for ::1 at 2015-08-20 17:39:34 +0800
  [1m[36mActiveRecord::SchemaMigration Load (0.2ms)[0m  [1mSELECT "schema_migrations".* FROM "schema_migrations"[0m
Processing by ProductsController#index as HTML
  [1m[35mProduct Load (0.2ms)[0m  SELECT "products".* FROM "products"
  Rendered products/index.html.erb within layouts/application (2.5ms)
Completed 200 OK in 2068ms (Views: 2065.4ms | ActiveRecord: 0.4ms)


Started GET "/assets/scaffolds.self-21a0e06eb65b8e1d880b7f603348436e4d663b5fd7ca76229fce9cecef0b190e.css?body=1" for ::1 at 2015-08-20 17:39:37 +0800


Started GET "/assets/products.self-e3b0c44298fc1c149afbf4c8996fb92427ae41e4649b934ca495991b7852b855.css?body=1" for ::1 at 2015-08-20 17:39:37 +0800


Started GET "/assets/products.self-877aef30ae1b040ab8a3aba4e3e309a11d7f2612f44dde450b5c157aa5f95c05.js?body=1" for ::1 at 2015-08-20 17:39:37 +0800


Started GET "/products/new" for ::1 at 2015-08-20 17:39:42 +0800
Processing by ProductsController#new as HTML
  Rendered products/_form.html.erb (21.3ms)
  Rendered products/new.html.erb within layouts/application (28.7ms)
Completed 200 OK in 63ms (Views: 54.8ms | ActiveRecord: 0.4ms)


Started GET "/products/new" for ::1 at 2015-08-20 17:39:49 +0800
Processing by ProductsController#new as HTML
  Rendered products/_form.html.erb (2.6ms)
  Rendered products/new.html.erb within layouts/application (3.5ms)
Completed 200 OK in 33ms (Views: 31.8ms | ActiveRecord: 0.0ms)


Started GET "/products/new" for ::1 at 2015-08-20 17:46:16 +0800
Processing by ProductsController#new as HTML
  Rendered products/_form.html.erb (3.6ms)
  Rendered products/new.html.erb within layouts/application (5.0ms)
Completed 200 OK in 36ms (Views: 35.2ms | ActiveRecord: 0.0ms)


Started GET "/assets/products.self-e3b0c44298fc1c149afbf4c8996fb92427ae41e4649b934ca495991b7852b855.css?body=1" for ::1 at 2015-08-20 17:46:16 +0800


Started GET "/assets/jquery.self-d03a5518f45df77341bdbe6201ba3bfa547ebba8ed64f0ea56bfa5f96ea7c074.js?body=1" for ::1 at 2015-08-20 17:46:16 +0800


Started GET "/assets/application.self-e80e8f2318043e8af94dddc2adad5a4f09739a8ebb323b3ab31cd71d45fd9113.css?body=1" for ::1 at 2015-08-20 17:46:16 +0800


Started GET "/assets/scaffolds.self-21a0e06eb65b8e1d880b7f603348436e4d663b5fd7ca76229fce9cecef0b190e.css?body=1" for ::1 at 2015-08-20 17:46:16 +0800


Started GET "/assets/jquery_ujs.self-ca5248a2fad13d6bd58ea121318d642f195f0b2dd818b30615f785ff365e8d1f.js?body=1" for ::1 at 2015-08-20 17:46:16 +0800


Started GET "/assets/turbolinks.self-c37727e9bd6b2735da5c311aa83fead54ed0be6cc8bd9a65309e9c5abe2cbfff.js?body=1" for ::1 at 2015-08-20 17:46:16 +0800


Started GET "/assets/products.self-877aef30ae1b040ab8a3aba4e3e309a11d7f2612f44dde450b5c157aa5f95c05.js?body=1" for ::1 at 2015-08-20 17:46:16 +0800


Started GET "/assets/application.self-3b8dabdc891efe46b9a144b400ad69e37d7e5876bdc39dee783419a69d7ca819.js?body=1" for ::1 at 2015-08-20 17:46:16 +0800


Started POST "/products" for ::1 at 2015-08-20 17:47:01 +0800
Processing by ProductsController#create as HTML
  Parameters: {"utf8"=>"✓", "authenticity_token"=>"3OFb9I6IuZataYIVnnhAsRq6oRkX/KrS28u03JnVsEUuuEgUT8yL5HOaomELjEx40Qn/LYcvOFhZD85GC6Ngsg==", "product"=>{"title"=>"", "description"=>"new add product", "image_url"=>"/images/qq.jpg", "price"=>"12.34"}, "commit"=>"Create Product"}
  [1m[36m (0.1ms)[0m  [1mbegin transaction[0m
  [1m[35mSQL (0.5ms)[0m  INSERT INTO "products" ("title", "description", "image_url", "price", "created_at", "updated_at") VALUES (?, ?, ?, ?, ?, ?)  [["title", ""], ["description", "new add product"], ["image_url", "/images/qq.jpg"], ["price", 12.34], ["created_at", "2015-08-20 09:47:01.043955"], ["updated_at", "2015-08-20 09:47:01.043955"]]
  [1m[36m (0.7ms)[0m  [1mcommit transaction[0m
Redirected to http://localhost:3000/products/1
Completed 302 Found in 10ms (ActiveRecord: 1.3ms)


Started GET "/products/1" for ::1 at 2015-08-20 17:47:01 +0800
Processing by ProductsController#show as HTML
  Parameters: {"id"=>"1"}
  [1m[35mProduct Load (0.2ms)[0m  SELECT  "products".* FROM "products" WHERE "products"."id" = ? LIMIT 1  [["id", 1]]
  Rendered products/show.html.erb within layouts/application (1.1ms)
Completed 200 OK in 36ms (Views: 27.9ms | ActiveRecord: 0.2ms)


Started GET "/products" for ::1 at 2015-08-20 17:47:13 +0800
Processing by ProductsController#index as HTML
  [1m[36mProduct Load (0.2ms)[0m  [1mSELECT "products".* FROM "products"[0m
  Rendered products/index.html.erb within layouts/application (2.8ms)
Completed 200 OK in 35ms (Views: 34.2ms | ActiveRecord: 0.2ms)
